<?xml version="1.0" encoding="UTF-8"?>
<testng-results ignored="0" total="1" passed="1" failed="0" skipped="0">
  <reporter-output>
  </reporter-output>
  <suite started-at="2023-05-03T23:41:13 IST" name="Default suite" finished-at="2023-05-03T23:41:34 IST" duration-ms="21717">
    <groups>
    </groups>
    <test started-at="2023-05-03T23:41:13 IST" name="Default test" finished-at="2023-05-03T23:41:34 IST" duration-ms="21717">
      <class name="SeleniumWithTestNG.TestCase_01">
        <test-method signature="testactitimelogin()[pri:0, instance:SeleniumWithTestNG.TestCase_01@26275bef]" started-at="2023-05-03T23:41:13 IST" name="testactitimelogin" finished-at="2023-05-03T23:41:34 IST" duration-ms="21683" status="PASS">
          <reporter-output>
          </reporter-output>
        </test-method> <!-- testactitimelogin -->
      </class> <!-- SeleniumWithTestNG.TestCase_01 -->
    </test> <!-- Default test -->
  </suite> <!-- Default suite -->
</testng-results>
